Построение начато 25.04.2018 9:54:12.
     1>Проект "C:\Users\Mikhail\documents\visual studio 2010\Projects\SRV_L3\SRV_L3\SRV_L3.vcxproj" в узле 2 (целевые объекты build).
     1>InitializeBuildStatus:
         Создание "Debug\SRV_L3.unsuccessfulbuild", так как было задано "AlwaysCreate".
       ClCompile:
         Для всех выходных данных обновления не требуется.
         C:\Program Files (x86)\Microsoft Visual Studio 10.0\VC\bin\CL.exe /c /ZI /nologo /W3 /WX- /Od /Oy- /D WIN32 /D _DEBUG /D _CONSOLE /D _UNICODE /D UNICODE /Gm /EHsc /RTC1 /MDd /GS /fp:precise /Zc:wchar_t /Zc:forScope /Yu"StdAfx.h" /Fp"Debug\SRV_L3.pch" /Fo"Debug\\" /Fd"Debug\vc100.pdb" /Gd /TP /analyze- /errorReport:prompt SRV_L3.cpp
         SRV_L3.cpp
     1>c:\users\mikhail\documents\visual studio 2010\projects\srv_l3\srv_l3\srv_l3.cpp(9): warning C4005: CreateProcess: изменение макроопределения
                 c:\program files (x86)\microsoft sdks\windows\v7.0a\include\winbase.h(7473): см. предыдущее определение "CreateProcess"
       ManifestResourceCompile:
         Для всех выходных данных обновления не требуется.
       Link:
         C:\Program Files (x86)\Microsoft Visual Studio 10.0\VC\bin\link.exe /ERRORREPORT:PROMPT /OUT:"C:\Users\Mikhail\documents\visual studio 2010\Projects\SRV_L3\Debug\SRV_L3.exe" /INCREMENTAL /NOLOGO kernel32.lib user32.lib gdi32.lib winspool.lib comdlg32.lib advapi32.lib shell32.lib ole32.lib oleaut32.lib uuid.lib odbc32.lib odbccp32.lib /MANIFEST /ManifestFile:"Debug\SRV_L3.exe.intermediate.manifest" /MANIFESTUAC:"level='asInvoker' uiAccess='false'" /DEBUG /PDB:"C:\Users\Mikhail\documents\visual studio 2010\Projects\SRV_L3\Debug\SRV_L3.pdb" /SUBSYSTEM:CONSOLE /TLBID:1 /DYNAMICBASE /NXCOMPAT /IMPLIB:"C:\Users\Mikhail\documents\visual studio 2010\Projects\SRV_L3\Debug\SRV_L3.lib" /MACHINE:X86 Debug\SRV_L3.exe.embed.manifest.res
         Debug\SRV_L3.obj
         Debug\stdafx.obj
       Manifest:
         C:\Program Files (x86)\Microsoft SDKs\Windows\v7.0A\bin\mt.exe /nologo /verbose /out:"Debug\SRV_L3.exe.embed.manifest" /manifest Debug\SRV_L3.exe.intermediate.manifest
         Для всех выходных данных обновления не требуется.
       LinkEmbedManifest:
         Для всех выходных данных обновления не требуется.
         SRV_L3.vcxproj -> C:\Users\Mikhail\documents\visual studio 2010\Projects\SRV_L3\Debug\SRV_L3.exe
       FinalizeBuildStatus:
         Файл "Debug\SRV_L3.unsuccessfulbuild" удаляется.
         Обращение к "Debug\SRV_L3.lastbuildstate".
     1>Построение проекта "C:\Users\Mikhail\documents\visual studio 2010\Projects\SRV_L3\SRV_L3\SRV_L3.vcxproj" завершено (целевые объекты build).

Построение успешно завершено.

Затраченное время: 00:00:03.50
