Построение начато 21.04.2018 13:54:40.
     1>Проект "C:\Users\Mikhail\documents\visual studio 2010\Projects\Kvadrat\Kvadrat\Kvadrat.vcxproj" в узле 2 (целевые объекты build).
     1>InitializeBuildStatus:
         Создание "Release\Kvadrat.unsuccessfulbuild", так как было задано "AlwaysCreate".
       ClCompile:
         Для всех выходных данных обновления не требуется.
         C:\Program Files (x86)\Microsoft Visual Studio 10.0\VC\bin\CL.exe /c /Zi /nologo /W3 /WX- /O2 /Oi /Oy- /GL /D WIN32 /D NDEBUG /D _CONSOLE /D _UNICODE /D UNICODE /Gm- /EHsc /MD /GS /Gy /fp:precise /Zc:wchar_t /Zc:forScope /Yu"StdAfx.h" /Fp"Release\Kvadrat.pch" /Fo"Release\\" /Fd"Release\vc100.pdb" /Gd /TP /analyze- /errorReport:prompt Kvadrat.cpp
         Kvadrat.cpp
       Link:
         C:\Program Files (x86)\Microsoft Visual Studio 10.0\VC\bin\link.exe /ERRORREPORT:PROMPT /OUT:"C:\Users\Mikhail\documents\visual studio 2010\Projects\Kvadrat\Release\Kvadrat.exe" /INCREMENTAL:NO /NOLOGO kernel32.lib user32.lib gdi32.lib winspool.lib comdlg32.lib advapi32.lib shell32.lib ole32.lib oleaut32.lib uuid.lib odbc32.lib odbccp32.lib /MANIFEST /ManifestFile:"Release\Kvadrat.exe.intermediate.manifest" /MANIFESTUAC:"level='asInvoker' uiAccess='false'" /DEBUG /PDB:"C:\Users\Mikhail\documents\visual studio 2010\Projects\Kvadrat\Release\Kvadrat.pdb" /SUBSYSTEM:CONSOLE /OPT:REF /OPT:ICF /LTCG /TLBID:1 /DYNAMICBASE /NXCOMPAT /IMPLIB:"C:\Users\Mikhail\documents\visual studio 2010\Projects\Kvadrat\Release\Kvadrat.lib" /MACHINE:X86 Release\Kvadrat.obj
         Release\stdafx.obj
         Создание кода
         Создание кода завершено
         Kvadrat.vcxproj -> C:\Users\Mikhail\documents\visual studio 2010\Projects\Kvadrat\Release\Kvadrat.exe
       Manifest:
         C:\Program Files (x86)\Microsoft SDKs\Windows\v7.0A\bin\mt.exe /nologo /verbose /outputresource:"C:\Users\Mikhail\documents\visual studio 2010\Projects\Kvadrat\Release\Kvadrat.exe;#1" /manifest Release\Kvadrat.exe.intermediate.manifest
       FinalizeBuildStatus:
         Файл "Release\Kvadrat.unsuccessfulbuild" удаляется.
         Обращение к "Release\Kvadrat.lastbuildstate".
     1>Построение проекта "C:\Users\Mikhail\documents\visual studio 2010\Projects\Kvadrat\Kvadrat\Kvadrat.vcxproj" завершено (целевые объекты build).

Построение успешно завершено.

Затраченное время: 00:00:02.15
