C:\USERS\MIKHAIL\DOCUMENTS\VISUAL STUDIO 2010\PROJECTS\SRV_L4\DEBUG\SRV_L4.EXE
C:\USERS\MIKHAIL\DOCUMENTS\VISUAL STUDIO 2010\PROJECTS\SRV_L4\DEBUG\SRV_L4.ILK
C:\USERS\MIKHAIL\DOCUMENTS\VISUAL STUDIO 2010\PROJECTS\SRV_L4\DEBUG\SRV_L4.PDB
C:\Users\Mikhail\documents\visual studio 2010\Projects\SRV_L4\SRV_L4\Debug\cl.command.1.tlog
C:\Users\Mikhail\documents\visual studio 2010\Projects\SRV_L4\SRV_L4\Debug\CL.read.1.tlog
C:\Users\Mikhail\documents\visual studio 2010\Projects\SRV_L4\SRV_L4\Debug\CL.write.1.tlog
C:\Users\Mikhail\documents\visual studio 2010\Projects\SRV_L4\SRV_L4\Debug\link.2476.read.1.tlog
C:\Users\Mikhail\documents\visual studio 2010\Projects\SRV_L4\SRV_L4\Debug\link.2476.write.1.tlog
C:\Users\Mikhail\documents\visual studio 2010\Projects\SRV_L4\SRV_L4\Debug\link.2476-cvtres.read.1.tlog
C:\Users\Mikhail\documents\visual studio 2010\Projects\SRV_L4\SRV_L4\Debug\link.2476-cvtres.write.1.tlog
C:\Users\Mikhail\documents\visual studio 2010\Projects\SRV_L4\SRV_L4\Debug\link.command.1.tlog
C:\Users\Mikhail\documents\visual studio 2010\Projects\SRV_L4\SRV_L4\Debug\link.read.1.tlog
C:\Users\Mikhail\documents\visual studio 2010\Projects\SRV_L4\SRV_L4\Debug\link.write.1.tlog
C:\Users\Mikhail\documents\visual studio 2010\Projects\SRV_L4\SRV_L4\Debug\link-cvtres.read.1.tlog
C:\Users\Mikhail\documents\visual studio 2010\Projects\SRV_L4\SRV_L4\Debug\link-cvtres.write.1.tlog
C:\Users\Mikhail\documents\visual studio 2010\Projects\SRV_L4\SRV_L4\Debug\mt.command.1.tlog
C:\Users\Mikhail\documents\visual studio 2010\Projects\SRV_L4\SRV_L4\Debug\mt.read.1.tlog
C:\Users\Mikhail\documents\visual studio 2010\Projects\SRV_L4\SRV_L4\Debug\mt.write.1.tlog
C:\Users\Mikhail\documents\visual studio 2010\Projects\SRV_L4\SRV_L4\Debug\rc.command.1.tlog
C:\Users\Mikhail\documents\visual studio 2010\Projects\SRV_L4\SRV_L4\Debug\rc.read.1.tlog
C:\Users\Mikhail\documents\visual studio 2010\Projects\SRV_L4\SRV_L4\Debug\rc.write.1.tlog
C:\USERS\MIKHAIL\DOCUMENTS\VISUAL STUDIO 2010\PROJECTS\SRV_L4\SRV_L4\DEBUG\SRV_L4.EXE.EMBED.MANIFEST
C:\USERS\MIKHAIL\DOCUMENTS\VISUAL STUDIO 2010\PROJECTS\SRV_L4\SRV_L4\DEBUG\SRV_L4.EXE.EMBED.MANIFEST.RES
C:\USERS\MIKHAIL\DOCUMENTS\VISUAL STUDIO 2010\PROJECTS\SRV_L4\SRV_L4\DEBUG\SRV_L4.EXE.INTERMEDIATE.MANIFEST
C:\USERS\MIKHAIL\DOCUMENTS\VISUAL STUDIO 2010\PROJECTS\SRV_L4\SRV_L4\DEBUG\SRV_L4.OBJ
C:\USERS\MIKHAIL\DOCUMENTS\VISUAL STUDIO 2010\PROJECTS\SRV_L4\SRV_L4\DEBUG\SRV_L4.PCH
C:\Users\Mikhail\documents\visual studio 2010\Projects\SRV_L4\SRV_L4\Debug\SRV_L4.write.1.tlog
C:\Users\Mikhail\documents\visual studio 2010\Projects\SRV_L4\SRV_L4\Debug\SRV_L4_manifest.rc
C:\USERS\MIKHAIL\DOCUMENTS\VISUAL STUDIO 2010\PROJECTS\SRV_L4\SRV_L4\DEBUG\STDAFX.OBJ
C:\Users\Mikhail\documents\visual studio 2010\Projects\SRV_L4\SRV_L4\Debug\vc100.idb
C:\USERS\MIKHAIL\DOCUMENTS\VISUAL STUDIO 2010\PROJECTS\SRV_L4\SRV_L4\DEBUG\VC100.PDB
